mode: set
github.com/renproject/secp256k1-go/secp256k1.go:27.41,31.2 3 1
github.com/renproject/secp256k1-go/secp256k1.go:35.47,42.2 6 1
github.com/renproject/secp256k1-go/secp256k1.go:45.36,53.2 5 1
github.com/renproject/secp256k1-go/secp256k1.go:56.34,58.2 1 1
github.com/renproject/secp256k1-go/secp256k1.go:62.33,64.2 1 1
github.com/renproject/secp256k1-go/secp256k1.go:67.69,71.2 2 1
github.com/renproject/secp256k1-go/secp256k1.go:73.41,75.2 1 1
github.com/renproject/secp256k1-go/secp256k1.go:77.37,79.2 1 1
github.com/renproject/secp256k1-go/secp256k1.go:81.34,83.2 1 1
github.com/renproject/secp256k1-go/secp256k1.go:85.38,87.2 1 1
github.com/renproject/secp256k1-go/secp256k1.go:89.37,91.2 1 1
github.com/renproject/secp256k1-go/secp256k1.go:93.46,95.2 1 1
github.com/renproject/secp256k1-go/secp256k1.go:97.49,99.2 1 1
github.com/renproject/secp256k1-go/secp256k1.go:101.42,103.2 1 1
github.com/renproject/secp256k1-go/secp256k1.go:105.30,107.2 1 1
github.com/renproject/secp256k1-go/secp256k1.go:109.36,111.2 1 1
github.com/renproject/secp256k1-go/secp256k1.go:113.35,115.2 1 1
github.com/renproject/secp256k1-go/secp256k1.go:117.45,119.2 1 1
github.com/renproject/secp256k1-go/secp256k1.go:121.48,123.2 1 1
github.com/renproject/secp256k1-go/secp256k1.go:125.48,127.2 1 1
github.com/renproject/secp256k1-go/secp256k1.go:129.39,133.2 3 1
github.com/renproject/secp256k1-go/secp256k1.go:135.38,141.2 5 1
github.com/renproject/secp256k1-go/secp256k1.go:143.48,145.2 1 1
github.com/renproject/secp256k1-go/secp256k1.go:147.36,149.2 1 1
github.com/renproject/secp256k1-go/secp256k1.go:151.41,153.2 1 1
github.com/renproject/secp256k1-go/secp256k1.go:155.44,157.2 1 1
github.com/renproject/secp256k1-go/secp256k1.go:159.41,161.2 1 1
github.com/renproject/secp256k1-go/secp256k1.go:163.47,165.2 1 1
github.com/renproject/secp256k1-go/secp256k1.go:167.39,169.2 1 1
github.com/renproject/secp256k1-go/secp256k1.go:171.41,173.2 1 1
github.com/renproject/secp256k1-go/secp256k1.go:175.44,177.2 1 1
github.com/renproject/secp256k1-go/secp256k1.go:179.53,180.10 1 1
github.com/renproject/secp256k1-go/secp256k1.go:180.10,182.3 1 1
github.com/renproject/secp256k1-go/secp256k1.go:182.8,184.3 1 1
github.com/renproject/secp256k1-go/secp256k1.go:194.41,196.2 1 1
github.com/renproject/secp256k1-go/secp256k1.go:200.47,207.2 6 1
github.com/renproject/secp256k1-go/secp256k1.go:210.34,212.2 1 1
github.com/renproject/secp256k1-go/secp256k1.go:216.33,218.2 1 1
github.com/renproject/secp256k1-go/secp256k1.go:221.41,223.2 1 1
github.com/renproject/secp256k1-go/secp256k1.go:226.36,238.2 9 1
github.com/renproject/secp256k1-go/secp256k1.go:241.69,245.2 2 1
github.com/renproject/secp256k1-go/secp256k1.go:250.37,253.25 2 1
github.com/renproject/secp256k1-go/secp256k1.go:258.2,258.12 1 1
github.com/renproject/secp256k1-go/secp256k1.go:253.25,256.3 2 1
github.com/renproject/secp256k1-go/secp256k1.go:263.39,269.2 5 1
github.com/renproject/secp256k1-go/secp256k1.go:273.39,306.2 32 1
github.com/renproject/secp256k1-go/secp256k1.go:310.34,327.138 13 1
github.com/renproject/secp256k1-go/secp256k1.go:341.2,345.17 5 1
github.com/renproject/secp256k1-go/secp256k1.go:327.138,339.3 10 1
github.com/renproject/secp256k1-go/secp256k1.go:349.44,355.2 5 1
github.com/renproject/secp256k1-go/secp256k1.go:360.49,366.2 5 1
github.com/renproject/secp256k1-go/secp256k1.go:374.44,376.2 1 1
github.com/renproject/secp256k1-go/secp256k1.go:379.41,381.2 1 1
github.com/renproject/secp256k1-go/secp256k1.go:385.41,387.2 1 1
github.com/renproject/secp256k1-go/secp256k1.go:390.45,397.2 5 1
github.com/renproject/secp256k1-go/secp256k1.go:401.36,406.2 4 1
github.com/renproject/secp256k1-go/secp256k1.go:410.35,415.2 4 1
